[35m[Appium][39m Welcome to Appium v2.5.0
[35m[Appium][39m Non-default server args:
[35m[Appium][39m { basePath: [32m'/wd/hub'[39m, loglevel: [32m'info'[39m, port: [33m50200[39m }
[35m[Appium][39m Attempting to load driver uiautomator2...
[35m[Appium][39m Appium REST http interface listener started on http://0.0.0.0:50200/wd/hub
[35m[Appium][39m You can provide the following URLs in your client code to connect to this server:
[35m[Appium][39m 	http://172.16.38.210:50200/wd/hub
[35m[Appium][39m 	http://127.0.0.1:50200/wd/hub (only accessible from the same host)
[35m[Appium][39m Available drivers:
[35m[Appium][39m   - uiautomator2@3.0.0 (automationName 'UiAutomator2')
[35m[Appium][39m No plugins have been installed. Use the "appium plugin" command to install the one(s) you want to use.
[38;5;0m[HTTP][0m [37m-->[39m [37mGET[39m [37m/wd/hub/status[39m
[38;5;0m[HTTP][0m [90m{}[39m
[38;5;0m[HTTP][0m [37m<-- GET /wd/hub/status [39m[32m200[39m [90m7 ms - 110[39m
[38;5;0m[HTTP][0m [90m[39m
[38;5;0m[HTTP][0m [37m-->[39m [37mGET[39m [37m/wd/hub/status[39m
[38;5;0m[HTTP][0m [90m{}[39m
[38;5;0m[HTTP][0m [37m<-- GET /wd/hub/status [39m[32m200[39m [90m1 ms - 110[39m
[38;5;0m[HTTP][0m [90m[39m
[38;5;0m[HTTP][0m [37m-->[39m [37mPOST[39m [37m/wd/hub/session[39m
[38;5;0m[HTTP][0m [90m{"desiredCapabilities":{"appium:systemPort":50222,"appium:newCommandTimeout":1800,"appium:automationName":"uiautomator2","appium:fullReset":false,"appium:platformVersion":"7.0","appium:noReset":true,"appium:udid":"emulator-5554","appium:autoGrantPermissions":true,"appium:platformName":"ANDROID","appium:deviceName":"emulator-5554 (Android SDK built for x86 - Android 7.0)","platformName":"Android","appium:app":"C:\\Users\\LENOVO\\Downloads\\Android-Solodroid_E-CommerceApp Demo_3.2.0.apk\\Solodroid_E-CommerceApp Demo_3.2.0.apk"},"capabilities":{"firstMatch":[{"appium:app":"C:\\Users\\LENOVO\\Downloads\\Android-Solodroid_E-CommerceApp Demo_3.2.0.apk\\Solodroid_E-CommerceApp Demo_3.2.0.apk","appium:autoGrantPermissions":true,"appium:automationName":"uiautomator2","appium:deviceName":"emulator-5554 (Android SDK built for x86 - Android 7.0)","appium:fullReset":false,"appium:newCommandTimeout":1800,"appium:noReset":true,"appium:platformName":"ANDROID","appium:platformVersion":"7.0","appium:systemPort":50222,"appiu...[39m
[38;5;32m[BaseDriver][0m Ignoring capability 'appium:platformName=ANDROID' and using capability 'platformName=android'
[38;5;32m[BaseDriver][0m The capabilities ["platformName"] are standard capabilities and do not require "appium:" prefix
[35m[Appium][39m Attempting to find matching driver for automationName 'uiautomator2' and platformName 'android'
[35m[Appium][39m The 'uiautomator2' driver was installed and matched caps.
[35m[Appium][39m Will require it at C:\Users\LENOVO\.appium\node_modules\appium-uiautomator2-driver
[38;5;16m[AppiumDriver@f7ec][0m Appium v2.5.0 creating new AndroidUiautomator2Driver (v3.0.0) session
[38;5;16m[AppiumDriver@f7ec][0m Checking BaseDriver versions for Appium and AndroidUiautomator2Driver
[38;5;16m[AppiumDriver@f7ec][0m Appium's BaseDriver version is 9.5.1
[38;5;16m[AppiumDriver@f7ec][0m AndroidUiautomator2Driver's BaseDriver version is 9.5.1
[38;5;48m[AndroidUiautomator2Driver@5796 (ee5a3a33)][0m Session created with session id: ee5a3a33-b56b-472f-917d-d116be5b9ad7
[38;5;64m[ADB][0m Found 1 'build-tools' folders under 'C:\Users\LENOVO\.katalon\tools\android_sdk' (newest first):
[38;5;64m[ADB][0m     C:\Users\LENOVO\.katalon\tools\android_sdk\build-tools\29.0.3
[38;5;64m[ADB][0m Using 'adb.exe' from 'C:\Users\LENOVO\.katalon\tools\android_sdk\platform-tools\adb.exe'
[38;5;48m[AndroidUiautomator2Driver@5796 (ee5a3a33)][0m Retrieving device list
[38;5;48m[AndroidUiautomator2Driver@5796 (ee5a3a33)][0m Using device: emulator-5554
[38;5;64m[ADB][0m Using 'adb.exe' from 'C:\Users\LENOVO\.katalon\tools\android_sdk\platform-tools\adb.exe'
[38;5;32m[BaseDriver][0m Using local app 'C:\Users\LENOVO\Downloads\Android-Solodroid_E-CommerceApp Demo_3.2.0.apk\Solodroid_E-CommerceApp Demo_3.2.0.apk'
[38;5;64m[ADB][0m Package name: 'com.solodroid.solomerce'
[38;5;64m[ADB][0m Main activity name: 'com.solodroid.solomerce.activities.ActivitySplash'
[38;5;64m[ADB][0m Using 'apksigner.jar' from 'C:\Users\LENOVO\.katalon\tools\android_sdk\build-tools\29.0.3\lib\apksigner.jar'
[38;5;64m[ADB][0m 'C:\Users\LENOVO\.appium\node_modules\appium-uiautomator2-driver\node_modules\appium-uiautomator2-server\apks\appium-uiautomator2-server-debug-androidTest.apk' is signed with the default certificate
[38;5;64m[ADB][0m 'C:\Users\LENOVO\Downloads\Android-Solodroid_E-CommerceApp Demo_3.2.0.apk\Solodroid_E-CommerceApp Demo_3.2.0.apk' is signed with a non-default certificate
[38;5;64m[ADB][0m 'C:\Users\LENOVO\.appium\node_modules\appium-uiautomator2-driver\node_modules\appium-uiautomator2-server\apks\appium-uiautomator2-server-v7.0.0.apk' is signed with the default certificate
[38;5;64m[ADB][0m The application at 'C:\Users\LENOVO\Downloads\Android-Solodroid_E-CommerceApp Demo_3.2.0.apk\Solodroid_E-CommerceApp Demo_3.2.0.apk' will not be cached, because the device under test has confirmed the support of streamed installs
[38;5;48m[AndroidUiautomator2Driver@5796 (ee5a3a33)][0m Server packages are not going to be (re)installed
[38;5;64m[ADB][0m Adding packages ["io.appium.settings","io.appium.uiautomator2.server","io.appium.uiautomator2.server.test"] to Doze whitelist
[38;5;64m[ADB][0m The installation of 'Solodroid_E-CommerceApp Demo_3.2.0.apk' took 5760ms
[38;5;48m[AndroidUiautomator2Driver@5796 (ee5a3a33)][0m Starting UIAutomator2 server 7.0.0
[38;5;48m[AndroidUiautomator2Driver@5796 (ee5a3a33)][0m Using UIAutomator2 server from 'C:\Users\LENOVO\.appium\node_modules\appium-uiautomator2-driver\node_modules\appium-uiautomator2-server\apks\appium-uiautomator2-server-v7.0.0.apk' and test from 'C:\Users\LENOVO\.appium\node_modules\appium-uiautomator2-driver\node_modules\appium-uiautomator2-server\apks\appium-uiautomator2-server-debug-androidTest.apk'
[38;5;48m[AndroidUiautomator2Driver@5796 (ee5a3a33)][0m Waiting up to 30000ms for UiAutomator2 to be online...
[38;5;48m[AndroidUiautomator2Driver@5796 (ee5a3a33)][0m socket hang up
[38;5;48m[AndroidUiautomator2Driver@5796 (ee5a3a33)][0m socket hang up
[38;5;48m[AndroidUiautomator2Driver@5796 (ee5a3a33)][0m Determined the downstream protocol as 'W3C'
[38;5;48m[AndroidUiautomator2Driver@5796 (ee5a3a33)][0m Screen already unlocked, doing nothing
[38;5;48m[AndroidUiautomator2Driver@5796 (ee5a3a33)][0m Starting 'com.solodroid.solomerce/com.solodroid.solomerce.activities.ActivitySplash and waiting for 'com.solodroid.solomerce/com.solodroid.solomerce.activities.ActivitySplash'
[38;5;16m[AppiumDriver@f7ec][0m New AndroidUiautomator2Driver session created successfully, session ee5a3a33-b56b-472f-917d-d116be5b9ad7 added to master session list
[38;5;0m[HTTP][0m [37m<-- POST /wd/hub/session [39m[32m200[39m [90m17378 ms - 1366[39m
[38;5;0m[HTTP][0m [90m[39m
[38;5;0m[HTTP][0m [37m-->[39m [37mGET[39m [37m/wd/hub/session/ee5a3a33-b56b-472f-917d-d116be5b9ad7[39m
[38;5;0m[HTTP][0m [90m{}[39m
[38;5;0m[HTTP][0m [37m<-- GET /wd/hub/session/ee5a3a33-b56b-472f-917d-d116be5b9ad7 [39m[32m200[39m [90m28 ms - 438[39m
[38;5;0m[HTTP][0m [90m[39m
[38;5;0m[HTTP][0m [37m-->[39m [37mGET[39m [37m/wd/hub/session/ee5a3a33-b56b-472f-917d-d116be5b9ad7[39m
[38;5;0m[HTTP][0m [90m{}[39m
[38;5;0m[HTTP][0m [37m<-- GET /wd/hub/session/ee5a3a33-b56b-472f-917d-d116be5b9ad7 [39m[32m200[39m [90m22 ms - 438[39m
[38;5;0m[HTTP][0m [90m[39m
[38;5;0m[HTTP][0m [37m-->[39m [37mGET[39m [37m/wd/hub/status[39m
[38;5;0m[HTTP][0m [90m{}[39m
[38;5;0m[HTTP][0m [37m<-- GET /wd/hub/status [39m[32m200[39m [90m2 ms - 110[39m
[38;5;0m[HTTP][0m [90m[39m
[38;5;0m[HTTP][0m [37m-->[39m [37mPOST[39m [37m/wd/hub/session/ee5a3a33-b56b-472f-917d-d116be5b9ad7/timeouts[39m
[38;5;0m[HTTP][0m [90m{"implicit":60000}[39m
[38;5;0m[HTTP][0m [37m<-- POST /wd/hub/session/ee5a3a33-b56b-472f-917d-d116be5b9ad7/timeouts [39m[32m200[39m [90m6 ms - 14[39m
[38;5;0m[HTTP][0m [90m[39m
[38;5;0m[HTTP][0m [37m-->[39m [37mGET[39m [37m/wd/hub/session/ee5a3a33-b56b-472f-917d-d116be5b9ad7/source[39m
[38;5;0m[HTTP][0m [90m{}[39m
[38;5;48m[AndroidUiautomator2Driver@5796 (ee5a3a33)][0m Driver proxy active, passing request on via HTTP proxy
[38;5;48m[AndroidUiautomator2Driver@5796 (ee5a3a33)][0m Replacing sessionId be2058d5-600f-4c4b-8954-9aa59c3e2b48 with ee5a3a33-b56b-472f-917d-d116be5b9ad7
[38;5;0m[HTTP][0m [37m<-- GET /wd/hub/session/ee5a3a33-b56b-472f-917d-d116be5b9ad7/source [39m[32m200[39m [90m203 ms - 3670[39m
[38;5;0m[HTTP][0m [90m[39m
[38;5;0m[HTTP][0m [37m-->[39m [37mGET[39m [37m/wd/hub/session/ee5a3a33-b56b-472f-917d-d116be5b9ad7/screenshot[39m
[38;5;0m[HTTP][0m [90m{}[39m
[38;5;0m[HTTP][0m [37m<-- GET /wd/hub/session/ee5a3a33-b56b-472f-917d-d116be5b9ad7/screenshot [39m[32m200[39m [90m540 ms - 157908[39m
[38;5;0m[HTTP][0m [90m[39m
[38;5;0m[HTTP][0m [37m-->[39m [37mGET[39m [37m/wd/hub/session/ee5a3a33-b56b-472f-917d-d116be5b9ad7/source[39m
[38;5;0m[HTTP][0m [90m{}[39m
[38;5;48m[AndroidUiautomator2Driver@5796 (ee5a3a33)][0m Driver proxy active, passing request on via HTTP proxy
[38;5;48m[AndroidUiautomator2Driver@5796 (ee5a3a33)][0m Replacing sessionId be2058d5-600f-4c4b-8954-9aa59c3e2b48 with ee5a3a33-b56b-472f-917d-d116be5b9ad7
[38;5;0m[HTTP][0m [37m<-- GET /wd/hub/session/ee5a3a33-b56b-472f-917d-d116be5b9ad7/source [39m[32m200[39m [90m175 ms - 29348[39m
[38;5;0m[HTTP][0m [90m[39m
[38;5;0m[HTTP][0m [37m-->[39m [37mGET[39m [37m/wd/hub/session/ee5a3a33-b56b-472f-917d-d116be5b9ad7/screenshot[39m
[38;5;0m[HTTP][0m [90m{}[39m
[38;5;0m[HTTP][0m [37m<-- GET /wd/hub/session/ee5a3a33-b56b-472f-917d-d116be5b9ad7/screenshot [39m[32m200[39m [90m360 ms - 632420[39m
[38;5;0m[HTTP][0m [90m[39m
[38;5;0m[HTTP][0m [37m-->[39m [37mPOST[39m [37m/wd/hub/session/ee5a3a33-b56b-472f-917d-d116be5b9ad7/elements[39m
[38;5;0m[HTTP][0m [90m{"using":"xpath","value":"//*[@class = 'android.widget.ImageView' and @resource-id = 'com.solodroid.solomerce:id/icon' and (@text = '' or . = '')]"}[39m
[38;5;0m[HTTP][0m [37m<-- POST /wd/hub/session/ee5a3a33-b56b-472f-917d-d116be5b9ad7/elements [39m[32m200[39m [90m533 ms - 523[39m
[38;5;0m[HTTP][0m [90m[39m
[38;5;0m[HTTP][0m [37m-->[39m [37mPOST[39m [37m/wd/hub/session/ee5a3a33-b56b-472f-917d-d116be5b9ad7/elements[39m
[38;5;0m[HTTP][0m [90m{"using":"id","value":"com.solodroid.solomerce:id/icon"}[39m
[38;5;0m[HTTP][0m [37m<-- POST /wd/hub/session/ee5a3a33-b56b-472f-917d-d116be5b9ad7/elements [39m[32m200[39m [90m30 ms - 523[39m
[38;5;0m[HTTP][0m [90m[39m
[38;5;0m[HTTP][0m [37m-->[39m [37mPOST[39m [37m/wd/hub/session/ee5a3a33-b56b-472f-917d-d116be5b9ad7/elements[39m
[38;5;0m[HTTP][0m [90m{"using":"-android uiautomator","value":"new UiSelector().className(\"android.widget.ImageView\").resourceId(\"com.solodroid.solomerce:id/icon\")"}[39m
[38;5;0m[HTTP][0m [37m<-- POST /wd/hub/session/ee5a3a33-b56b-472f-917d-d116be5b9ad7/elements [39m[32m200[39m [90m71 ms - 523[39m
[38;5;0m[HTTP][0m [90m[39m
[38;5;0m[HTTP][0m [37m-->[39m [37mGET[39m [37m/wd/hub/session/ee5a3a33-b56b-472f-917d-d116be5b9ad7/window/rect[39m
[38;5;0m[HTTP][0m [90m{}[39m
[38;5;0m[HTTP][0m [37m<-- GET /wd/hub/session/ee5a3a33-b56b-472f-917d-d116be5b9ad7/window/rect [39m[32m200[39m [90m14 ms - 49[39m
[38;5;0m[HTTP][0m [90m[39m
[38;5;0m[HTTP][0m [37m-->[39m [37mPOST[39m [37m/wd/hub/session/ee5a3a33-b56b-472f-917d-d116be5b9ad7/elements[39m
[38;5;0m[HTTP][0m [90m{"using":"xpath","value":"//hierarchy/android.widget.FrameLayout[1]/android.widget.LinearLayout[1]/android.widget.FrameLayout[1]/android.widget.LinearLayout[1]/android.widget.FrameLayout[1]/android.widget.RelativeLayout[1]/android.widget.FrameLayout[1]/android.view.ViewGroup[1]/android.widget.FrameLayout[4]/android.widget.ImageView[1]"}[39m
[38;5;0m[HTTP][0m [37m<-- POST /wd/hub/session/ee5a3a33-b56b-472f-917d-d116be5b9ad7/elements [39m[32m200[39m [90m59 ms - 139[39m
[38;5;0m[HTTP][0m [90m[39m
[38;5;0m[HTTP][0m [37m-->[39m [37mGET[39m [37m/wd/hub/session/ee5a3a33-b56b-472f-917d-d116be5b9ad7/element/00000000-0000-0078-7fff-ffff000000a8/location[39m
[38;5;0m[HTTP][0m [90m{}[39m
[38;5;48m[AndroidUiautomator2Driver@5796 (ee5a3a33)][0m Driver proxy active, passing request on via HTTP proxy
[38;5;48m[AndroidUiautomator2Driver@5796 (ee5a3a33)][0m Replacing sessionId be2058d5-600f-4c4b-8954-9aa59c3e2b48 with ee5a3a33-b56b-472f-917d-d116be5b9ad7
[38;5;0m[HTTP][0m [37m<-- GET /wd/hub/session/ee5a3a33-b56b-472f-917d-d116be5b9ad7/element/00000000-0000-0078-7fff-ffff000000a8/location [39m[32m200[39m [90m16 ms - 79[39m
[38;5;0m[HTTP][0m [90m[39m
[38;5;0m[HTTP][0m [37m-->[39m [37mPOST[39m [37m/wd/hub/session/ee5a3a33-b56b-472f-917d-d116be5b9ad7/element/00000000-0000-0078-7fff-ffff000000a8/click[39m
[38;5;0m[HTTP][0m [90m{"id":"00000000-0000-0078-7fff-ffff000000a8"}[39m
[38;5;0m[HTTP][0m [37m<-- POST /wd/hub/session/ee5a3a33-b56b-472f-917d-d116be5b9ad7/element/00000000-0000-0078-7fff-ffff000000a8/click [39m[32m200[39m [90m41 ms - 14[39m
[38;5;0m[HTTP][0m [90m[39m
[38;5;0m[HTTP][0m [37m-->[39m [37mGET[39m [37m/wd/hub/session/ee5a3a33-b56b-472f-917d-d116be5b9ad7/source[39m
[38;5;0m[HTTP][0m [90m{}[39m
[38;5;48m[AndroidUiautomator2Driver@5796 (ee5a3a33)][0m Driver proxy active, passing request on via HTTP proxy
[38;5;48m[AndroidUiautomator2Driver@5796 (ee5a3a33)][0m Replacing sessionId be2058d5-600f-4c4b-8954-9aa59c3e2b48 with ee5a3a33-b56b-472f-917d-d116be5b9ad7
[38;5;0m[HTTP][0m [37m<-- GET /wd/hub/session/ee5a3a33-b56b-472f-917d-d116be5b9ad7/source [39m[32m200[39m [90m716 ms - 27486[39m
[38;5;0m[HTTP][0m [90m[39m
[38;5;0m[HTTP][0m [37m-->[39m [37mGET[39m [37m/wd/hub/session/ee5a3a33-b56b-472f-917d-d116be5b9ad7/screenshot[39m
[38;5;0m[HTTP][0m [90m{}[39m
[38;5;0m[HTTP][0m [37m<-- GET /wd/hub/session/ee5a3a33-b56b-472f-917d-d116be5b9ad7/screenshot [39m[32m200[39m [90m220 ms - 94392[39m
[38;5;0m[HTTP][0m [90m[39m
[38;5;0m[HTTP][0m [37m-->[39m [37mPOST[39m [37m/wd/hub/session/ee5a3a33-b56b-472f-917d-d116be5b9ad7/elements[39m
[38;5;0m[HTTP][0m [90m{"using":"xpath","value":"//*[@class = 'android.widget.FrameLayout' and @resource-id = 'com.solodroid.solomerce:id/btn_edit_user' and (@text = '' or . = '')]"}[39m
[38;5;0m[HTTP][0m [37m<-- POST /wd/hub/session/ee5a3a33-b56b-472f-917d-d116be5b9ad7/elements [39m[32m200[39m [90m111 ms - 139[39m
[38;5;0m[HTTP][0m [90m[39m
[38;5;0m[HTTP][0m [37m-->[39m [37mGET[39m [37m/wd/hub/session/ee5a3a33-b56b-472f-917d-d116be5b9ad7/window/rect[39m
[38;5;0m[HTTP][0m [90m{}[39m
[38;5;0m[HTTP][0m [37m<-- GET /wd/hub/session/ee5a3a33-b56b-472f-917d-d116be5b9ad7/window/rect [39m[32m200[39m [90m12 ms - 49[39m
[38;5;0m[HTTP][0m [90m[39m
[38;5;0m[HTTP][0m [37m-->[39m [37mPOST[39m [37m/wd/hub/session/ee5a3a33-b56b-472f-917d-d116be5b9ad7/elements[39m
[38;5;0m[HTTP][0m [90m{"using":"xpath","value":"//*[@class = 'android.widget.FrameLayout' and @resource-id = 'com.solodroid.solomerce:id/btn_edit_user' and (@text = '' or . = '')]"}[39m
[38;5;0m[HTTP][0m [37m<-- POST /wd/hub/session/ee5a3a33-b56b-472f-917d-d116be5b9ad7/elements [39m[32m200[39m [90m116 ms - 139[39m
[38;5;0m[HTTP][0m [90m[39m
[38;5;0m[HTTP][0m [37m-->[39m [37mGET[39m [37m/wd/hub/session/ee5a3a33-b56b-472f-917d-d116be5b9ad7/element/00000000-0000-0078-7fff-ffff0000008f/location[39m
[38;5;0m[HTTP][0m [90m{}[39m
[38;5;48m[AndroidUiautomator2Driver@5796 (ee5a3a33)][0m Driver proxy active, passing request on via HTTP proxy
[38;5;48m[AndroidUiautomator2Driver@5796 (ee5a3a33)][0m Replacing sessionId be2058d5-600f-4c4b-8954-9aa59c3e2b48 with ee5a3a33-b56b-472f-917d-d116be5b9ad7
[38;5;0m[HTTP][0m [37m<-- GET /wd/hub/session/ee5a3a33-b56b-472f-917d-d116be5b9ad7/element/00000000-0000-0078-7fff-ffff0000008f/location [39m[32m200[39m [90m17 ms - 78[39m
[38;5;0m[HTTP][0m [90m[39m
[38;5;0m[HTTP][0m [37m-->[39m [37mPOST[39m [37m/wd/hub/session/ee5a3a33-b56b-472f-917d-d116be5b9ad7/element/00000000-0000-0078-7fff-ffff0000008f/click[39m
[38;5;0m[HTTP][0m [90m{"id":"00000000-0000-0078-7fff-ffff0000008f"}[39m
[38;5;0m[HTTP][0m [37m<-- POST /wd/hub/session/ee5a3a33-b56b-472f-917d-d116be5b9ad7/element/00000000-0000-0078-7fff-ffff0000008f/click [39m[32m200[39m [90m38 ms - 14[39m
[38;5;0m[HTTP][0m [90m[39m
[38;5;0m[HTTP][0m [37m-->[39m [37mGET[39m [37m/wd/hub/session/ee5a3a33-b56b-472f-917d-d116be5b9ad7/source[39m
[38;5;0m[HTTP][0m [90m{}[39m
[38;5;48m[AndroidUiautomator2Driver@5796 (ee5a3a33)][0m Driver proxy active, passing request on via HTTP proxy
[38;5;48m[AndroidUiautomator2Driver@5796 (ee5a3a33)][0m Replacing sessionId be2058d5-600f-4c4b-8954-9aa59c3e2b48 with ee5a3a33-b56b-472f-917d-d116be5b9ad7
[38;5;0m[HTTP][0m [37m<-- GET /wd/hub/session/ee5a3a33-b56b-472f-917d-d116be5b9ad7/source [39m[32m200[39m [90m861 ms - 13498[39m
[38;5;0m[HTTP][0m [90m[39m
[38;5;0m[HTTP][0m [37m-->[39m [37mGET[39m [37m/wd/hub/session/ee5a3a33-b56b-472f-917d-d116be5b9ad7/screenshot[39m
[38;5;0m[HTTP][0m [90m{}[39m
[38;5;0m[HTTP][0m [37m<-- GET /wd/hub/session/ee5a3a33-b56b-472f-917d-d116be5b9ad7/screenshot [39m[32m200[39m [90m249 ms - 66948[39m
[38;5;0m[HTTP][0m [90m[39m
[38;5;0m[HTTP][0m [37m-->[39m [37mDELETE[39m [37m/wd/hub/session/ee5a3a33-b56b-472f-917d-d116be5b9ad7[39m
[38;5;0m[HTTP][0m [90m{}[39m
[38;5;16m[AppiumDriver@f7ec][0m Removing session ee5a3a33-b56b-472f-917d-d116be5b9ad7 from our master session list
[38;5;0m[HTTP][0m [37m<-- DELETE /wd/hub/session/ee5a3a33-b56b-472f-917d-d116be5b9ad7 [39m[32m200[39m [90m137 ms - 14[39m
[38;5;0m[HTTP][0m [90m[39m
