[35m[Appium][39m Welcome to Appium v2.5.0
[35m[Appium][39m Non-default server args:
[35m[Appium][39m { basePath: [32m'/wd/hub'[39m, loglevel: [32m'info'[39m, port: [33m52958[39m }
[35m[Appium][39m Attempting to load driver uiautomator2...
[35m[Appium][39m Appium REST http interface listener started on http://0.0.0.0:52958/wd/hub
[35m[Appium][39m You can provide the following URLs in your client code to connect to this server:
[35m[Appium][39m 	http://172.16.38.210:52958/wd/hub
[35m[Appium][39m 	http://127.0.0.1:52958/wd/hub (only accessible from the same host)
[35m[Appium][39m Available drivers:
[35m[Appium][39m   - uiautomator2@3.0.0 (automationName 'UiAutomator2')
[35m[Appium][39m No plugins have been installed. Use the "appium plugin" command to install the one(s) you want to use.
[38;5;0m[HTTP][0m [37m-->[39m [37mGET[39m [37m/wd/hub/status[39m
[38;5;0m[HTTP][0m [90m{}[39m
[38;5;0m[HTTP][0m [37m<-- GET /wd/hub/status [39m[32m200[39m [90m18 ms - 110[39m
[38;5;0m[HTTP][0m [90m[39m
[38;5;0m[HTTP][0m [37m-->[39m [37mPOST[39m [37m/wd/hub/session[39m
[38;5;0m[HTTP][0m [90m{"desiredCapabilities":{"appium:systemPort":52956,"appium:newCommandTimeout":1800,"appium:automationName":"uiautomator2","appium:fullReset":true,"appium:platformVersion":"7.0","appium:noReset":false,"appium:udid":"emulator-5554","appium:autoGrantPermissions":true,"appium:platformName":"ANDROID","appium:deviceName":"emulator-5554 (Android SDK built for x86 - Android 7.0)","platformName":"Android","appium:app":"C:\\Users\\LENOVO\\Downloads\\Android-Solodroid_E-CommerceApp Demo_3.2.0.apk\\Solodroid_E-CommerceApp Demo_3.2.0.apk"},"capabilities":{"firstMatch":[{"appium:app":"C:\\Users\\LENOVO\\Downloads\\Android-Solodroid_E-CommerceApp Demo_3.2.0.apk\\Solodroid_E-CommerceApp Demo_3.2.0.apk","appium:autoGrantPermissions":true,"appium:automationName":"uiautomator2","appium:deviceName":"emulator-5554 (Android SDK built for x86 - Android 7.0)","appium:fullReset":true,"appium:newCommandTimeout":1800,"appium:noReset":false,"appium:platformName":"ANDROID","appium:platformVersion":"7.0","appium:systemPort":52956,"appiu...[39m
[38;5;32m[BaseDriver][0m Ignoring capability 'appium:platformName=ANDROID' and using capability 'platformName=android'
[38;5;32m[BaseDriver][0m The capabilities ["platformName"] are standard capabilities and do not require "appium:" prefix
[35m[Appium][39m Attempting to find matching driver for automationName 'uiautomator2' and platformName 'android'
[35m[Appium][39m The 'uiautomator2' driver was installed and matched caps.
[35m[Appium][39m Will require it at C:\Users\LENOVO\.appium\node_modules\appium-uiautomator2-driver
[38;5;16m[AppiumDriver@abc2][0m Appium v2.5.0 creating new AndroidUiautomator2Driver (v3.0.0) session
[38;5;16m[AppiumDriver@abc2][0m Checking BaseDriver versions for Appium and AndroidUiautomator2Driver
[38;5;16m[AppiumDriver@abc2][0m Appium's BaseDriver version is 9.5.1
[38;5;16m[AppiumDriver@abc2][0m AndroidUiautomator2Driver's BaseDriver version is 9.5.1
[38;5;48m[AndroidUiautomator2Driver@133c (c2a39d09)][0m Session created with session id: c2a39d09-b5b5-4edc-a231-dc4d3ed8eea5
[38;5;64m[ADB][0m Found 1 'build-tools' folders under 'C:\Users\LENOVO\.katalon\tools\android_sdk' (newest first):
[38;5;64m[ADB][0m     C:\Users\LENOVO\.katalon\tools\android_sdk\build-tools\29.0.3
[38;5;64m[ADB][0m Using 'adb.exe' from 'C:\Users\LENOVO\.katalon\tools\android_sdk\platform-tools\adb.exe'
[38;5;48m[AndroidUiautomator2Driver@133c (c2a39d09)][0m Retrieving device list
[38;5;48m[AndroidUiautomator2Driver@133c (c2a39d09)][0m Using device: emulator-5554
[38;5;64m[ADB][0m Using 'adb.exe' from 'C:\Users\LENOVO\.katalon\tools\android_sdk\platform-tools\adb.exe'
[38;5;32m[BaseDriver][0m Using local app 'C:\Users\LENOVO\Downloads\Android-Solodroid_E-CommerceApp Demo_3.2.0.apk\Solodroid_E-CommerceApp Demo_3.2.0.apk'
[38;5;64m[ADB][0m Package name: 'com.solodroid.solomerce'
[38;5;64m[ADB][0m Main activity name: 'com.solodroid.solomerce.activities.ActivitySplash'
[38;5;64m[ADB][0m Using 'apksigner.jar' from 'C:\Users\LENOVO\.katalon\tools\android_sdk\build-tools\29.0.3\lib\apksigner.jar'
[38;5;64m[ADB][0m 'C:\Users\LENOVO\.appium\node_modules\appium-uiautomator2-driver\node_modules\appium-uiautomator2-server\apks\appium-uiautomator2-server-debug-androidTest.apk' is signed with the default certificate
[38;5;64m[ADB][0m 'C:\Users\LENOVO\Downloads\Android-Solodroid_E-CommerceApp Demo_3.2.0.apk\Solodroid_E-CommerceApp Demo_3.2.0.apk' is signed with a non-default certificate
[38;5;64m[ADB][0m com.solodroid.solomerce was not uninstalled, because it was not present on the device
[38;5;64m[ADB][0m 'C:\Users\LENOVO\.appium\node_modules\appium-uiautomator2-driver\node_modules\appium-uiautomator2-server\apks\appium-uiautomator2-server-v7.0.0.apk' is signed with the default certificate
[38;5;64m[ADB][0m The application at 'C:\Users\LENOVO\Downloads\Android-Solodroid_E-CommerceApp Demo_3.2.0.apk\Solodroid_E-CommerceApp Demo_3.2.0.apk' will not be cached, because the device under test has confirmed the support of streamed installs
[38;5;48m[AndroidUiautomator2Driver@133c (c2a39d09)][0m Server packages are not going to be (re)installed
[38;5;64m[ADB][0m Adding packages ["io.appium.settings","io.appium.uiautomator2.server","io.appium.uiautomator2.server.test"] to Doze whitelist
[38;5;64m[ADB][0m The installation of 'Solodroid_E-CommerceApp Demo_3.2.0.apk' took 9519ms
[38;5;48m[AndroidUiautomator2Driver@133c (c2a39d09)][0m Starting UIAutomator2 server 7.0.0
[38;5;48m[AndroidUiautomator2Driver@133c (c2a39d09)][0m Using UIAutomator2 server from 'C:\Users\LENOVO\.appium\node_modules\appium-uiautomator2-driver\node_modules\appium-uiautomator2-server\apks\appium-uiautomator2-server-v7.0.0.apk' and test from 'C:\Users\LENOVO\.appium\node_modules\appium-uiautomator2-driver\node_modules\appium-uiautomator2-server\apks\appium-uiautomator2-server-debug-androidTest.apk'
[38;5;48m[AndroidUiautomator2Driver@133c (c2a39d09)][0m Waiting up to 30000ms for UiAutomator2 to be online...
[38;5;48m[AndroidUiautomator2Driver@133c (c2a39d09)][0m socket hang up
[38;5;48m[AndroidUiautomator2Driver@133c (c2a39d09)][0m socket hang up
[38;5;48m[AndroidUiautomator2Driver@133c (c2a39d09)][0m socket hang up
[38;5;48m[AndroidUiautomator2Driver@133c (c2a39d09)][0m socket hang up
[38;5;48m[AndroidUiautomator2Driver@133c (c2a39d09)][0m Determined the downstream protocol as 'W3C'
[38;5;48m[AndroidUiautomator2Driver@133c (c2a39d09)][0m Screen already unlocked, doing nothing
[38;5;48m[AndroidUiautomator2Driver@133c (c2a39d09)][0m Starting 'com.solodroid.solomerce/com.solodroid.solomerce.activities.ActivitySplash and waiting for 'com.solodroid.solomerce/com.solodroid.solomerce.activities.ActivitySplash'
[38;5;16m[AppiumDriver@abc2][0m New AndroidUiautomator2Driver session created successfully, session c2a39d09-b5b5-4edc-a231-dc4d3ed8eea5 added to master session list
[38;5;0m[HTTP][0m [37m<-- POST /wd/hub/session [39m[32m200[39m [90m39755 ms - 1366[39m
[38;5;0m[HTTP][0m [90m[39m
[38;5;0m[HTTP][0m [37m-->[39m [37mGET[39m [37m/wd/hub/session/c2a39d09-b5b5-4edc-a231-dc4d3ed8eea5[39m
[38;5;0m[HTTP][0m [90m{}[39m
[38;5;0m[HTTP][0m [37m<-- GET /wd/hub/session/c2a39d09-b5b5-4edc-a231-dc4d3ed8eea5 [39m[32m200[39m [90m35 ms - 438[39m
[38;5;0m[HTTP][0m [90m[39m
[38;5;0m[HTTP][0m [37m-->[39m [37mGET[39m [37m/wd/hub/session/c2a39d09-b5b5-4edc-a231-dc4d3ed8eea5[39m
[38;5;0m[HTTP][0m [90m{}[39m
[38;5;0m[HTTP][0m [37m<-- GET /wd/hub/session/c2a39d09-b5b5-4edc-a231-dc4d3ed8eea5 [39m[32m200[39m [90m34 ms - 438[39m
[38;5;0m[HTTP][0m [90m[39m
[38;5;0m[HTTP][0m [37m-->[39m [37mGET[39m [37m/wd/hub/status[39m
[38;5;0m[HTTP][0m [90m{}[39m
[38;5;0m[HTTP][0m [37m<-- GET /wd/hub/status [39m[32m200[39m [90m6 ms - 110[39m
[38;5;0m[HTTP][0m [90m[39m
[38;5;0m[HTTP][0m [37m-->[39m [37mPOST[39m [37m/wd/hub/session/c2a39d09-b5b5-4edc-a231-dc4d3ed8eea5/timeouts[39m
[38;5;0m[HTTP][0m [90m{"implicit":30000}[39m
[38;5;0m[HTTP][0m [37m<-- POST /wd/hub/session/c2a39d09-b5b5-4edc-a231-dc4d3ed8eea5/timeouts [39m[32m200[39m [90m15 ms - 14[39m
[38;5;0m[HTTP][0m [90m[39m
[38;5;0m[HTTP][0m [37m-->[39m [37mGET[39m [37m/wd/hub/session/c2a39d09-b5b5-4edc-a231-dc4d3ed8eea5/appium/device/system_bars[39m
[38;5;0m[HTTP][0m [90m{}[39m
[38;5;0m[HTTP][0m [37m<-- GET /wd/hub/session/c2a39d09-b5b5-4edc-a231-dc4d3ed8eea5/appium/device/system_bars [39m[32m200[39m [90m756 ms - 148[39m
[38;5;0m[HTTP][0m [90m[39m
[38;5;0m[HTTP][0m [37m-->[39m [37mPOST[39m [37m/wd/hub/session/c2a39d09-b5b5-4edc-a231-dc4d3ed8eea5/timeouts[39m
[38;5;0m[HTTP][0m [90m{"implicit":50}[39m
[38;5;0m[HTTP][0m [37m<-- POST /wd/hub/session/c2a39d09-b5b5-4edc-a231-dc4d3ed8eea5/timeouts [39m[32m200[39m [90m5 ms - 14[39m
[38;5;0m[HTTP][0m [90m[39m
[38;5;0m[HTTP][0m [37m-->[39m [37mGET[39m [37m/wd/hub/session/c2a39d09-b5b5-4edc-a231-dc4d3ed8eea5/window/rect[39m
[38;5;0m[HTTP][0m [90m{}[39m
[38;5;0m[HTTP][0m [37m<-- GET /wd/hub/session/c2a39d09-b5b5-4edc-a231-dc4d3ed8eea5/window/rect [39m[32m200[39m [90m59 ms - 49[39m
[38;5;0m[HTTP][0m [90m[39m
[38;5;0m[HTTP][0m [37m-->[39m [37mPOST[39m [37m/wd/hub/session/c2a39d09-b5b5-4edc-a231-dc4d3ed8eea5/elements[39m
[38;5;0m[HTTP][0m [90m{"using":"xpath","value":"//*[@class = 'android.widget.TextView' and @resource-id = 'com.solodroid.solomerce:id/search' and (@text = '' or . = '')]"}[39m
[38;5;0m[HTTP][0m [37m<-- POST /wd/hub/session/c2a39d09-b5b5-4edc-a231-dc4d3ed8eea5/elements [39m[32m200[39m [90m3991 ms - 139[39m
[38;5;0m[HTTP][0m [90m[39m
[38;5;0m[HTTP][0m [37m-->[39m [37mGET[39m [37m/wd/hub/session/c2a39d09-b5b5-4edc-a231-dc4d3ed8eea5/element/00000000-0000-00be-7fff-ffff0000000c/location[39m
[38;5;0m[HTTP][0m [90m{}[39m
[38;5;48m[AndroidUiautomator2Driver@133c (c2a39d09)][0m Driver proxy active, passing request on via HTTP proxy
[38;5;48m[AndroidUiautomator2Driver@133c (c2a39d09)][0m Replacing sessionId 709d3043-d241-43e5-8322-89cef965fcf9 with c2a39d09-b5b5-4edc-a231-dc4d3ed8eea5
[38;5;0m[HTTP][0m [37m<-- GET /wd/hub/session/c2a39d09-b5b5-4edc-a231-dc4d3ed8eea5/element/00000000-0000-00be-7fff-ffff0000000c/location [39m[32m200[39m [90m346 ms - 77[39m
[38;5;0m[HTTP][0m [90m[39m
[38;5;0m[HTTP][0m [37m-->[39m [37mPOST[39m [37m/wd/hub/session/c2a39d09-b5b5-4edc-a231-dc4d3ed8eea5/timeouts[39m
[38;5;0m[HTTP][0m [90m{"implicit":30000}[39m
[38;5;0m[HTTP][0m [37m<-- POST /wd/hub/session/c2a39d09-b5b5-4edc-a231-dc4d3ed8eea5/timeouts [39m[32m200[39m [90m5 ms - 14[39m
[38;5;0m[HTTP][0m [90m[39m
[38;5;0m[HTTP][0m [37m-->[39m [37mPOST[39m [37m/wd/hub/session/c2a39d09-b5b5-4edc-a231-dc4d3ed8eea5/element/00000000-0000-00be-7fff-ffff0000000c/click[39m
[38;5;0m[HTTP][0m [90m{"id":"00000000-0000-00be-7fff-ffff0000000c"}[39m
[38;5;0m[HTTP][0m [37m<-- POST /wd/hub/session/c2a39d09-b5b5-4edc-a231-dc4d3ed8eea5/element/00000000-0000-00be-7fff-ffff0000000c/click [39m[32m200[39m [90m886 ms - 14[39m
[38;5;0m[HTTP][0m [90m[39m
[38;5;0m[HTTP][0m [37m-->[39m [37mPOST[39m [37m/wd/hub/session/c2a39d09-b5b5-4edc-a231-dc4d3ed8eea5/timeouts[39m
[38;5;0m[HTTP][0m [90m{"implicit":50}[39m
[38;5;0m[HTTP][0m [37m<-- POST /wd/hub/session/c2a39d09-b5b5-4edc-a231-dc4d3ed8eea5/timeouts [39m[32m200[39m [90m4 ms - 14[39m
[38;5;0m[HTTP][0m [90m[39m
[38;5;0m[HTTP][0m [37m-->[39m [37mGET[39m [37m/wd/hub/session/c2a39d09-b5b5-4edc-a231-dc4d3ed8eea5/window/rect[39m
[38;5;0m[HTTP][0m [90m{}[39m
[38;5;0m[HTTP][0m [37m<-- GET /wd/hub/session/c2a39d09-b5b5-4edc-a231-dc4d3ed8eea5/window/rect [39m[32m200[39m [90m58 ms - 49[39m
[38;5;0m[HTTP][0m [90m[39m
[38;5;0m[HTTP][0m [37m-->[39m [37mPOST[39m [37m/wd/hub/session/c2a39d09-b5b5-4edc-a231-dc4d3ed8eea5/elements[39m
[38;5;0m[HTTP][0m [90m{"using":"xpath","value":"//*[@class = 'android.widget.EditText' and (@text = 'Search…' or . = 'Search…') and @resource-id = 'com.solodroid.solomerce:id/search_src_text']"}[39m
[38;5;0m[HTTP][0m [37m<-- POST /wd/hub/session/c2a39d09-b5b5-4edc-a231-dc4d3ed8eea5/elements [39m[32m200[39m [90m2744 ms - 139[39m
[38;5;0m[HTTP][0m [90m[39m
[38;5;0m[HTTP][0m [37m-->[39m [37mGET[39m [37m/wd/hub/session/c2a39d09-b5b5-4edc-a231-dc4d3ed8eea5/element/00000000-0000-00be-7fff-ffff00000076/location[39m
[38;5;0m[HTTP][0m [90m{}[39m
[38;5;48m[AndroidUiautomator2Driver@133c (c2a39d09)][0m Driver proxy active, passing request on via HTTP proxy
[38;5;48m[AndroidUiautomator2Driver@133c (c2a39d09)][0m Replacing sessionId 709d3043-d241-43e5-8322-89cef965fcf9 with c2a39d09-b5b5-4edc-a231-dc4d3ed8eea5
[38;5;0m[HTTP][0m [37m<-- GET /wd/hub/session/c2a39d09-b5b5-4edc-a231-dc4d3ed8eea5/element/00000000-0000-00be-7fff-ffff00000076/location [39m[32m200[39m [90m1991 ms - 77[39m
[38;5;0m[HTTP][0m [90m[39m
[38;5;0m[HTTP][0m [37m-->[39m [37mPOST[39m [37m/wd/hub/session/c2a39d09-b5b5-4edc-a231-dc4d3ed8eea5/timeouts[39m
[38;5;0m[HTTP][0m [90m{"implicit":30000}[39m
[38;5;0m[HTTP][0m [37m<-- POST /wd/hub/session/c2a39d09-b5b5-4edc-a231-dc4d3ed8eea5/timeouts [39m[32m200[39m [90m2 ms - 14[39m
[38;5;0m[HTTP][0m [90m[39m
[38;5;0m[HTTP][0m [37m-->[39m [37mPOST[39m [37m/wd/hub/session/c2a39d09-b5b5-4edc-a231-dc4d3ed8eea5/element/00000000-0000-00be-7fff-ffff00000076/click[39m
[38;5;0m[HTTP][0m [90m{"id":"00000000-0000-00be-7fff-ffff00000076"}[39m
[38;5;0m[HTTP][0m [37m<-- POST /wd/hub/session/c2a39d09-b5b5-4edc-a231-dc4d3ed8eea5/element/00000000-0000-00be-7fff-ffff00000076/click [39m[32m200[39m [90m56 ms - 14[39m
[38;5;0m[HTTP][0m [90m[39m
[38;5;0m[HTTP][0m [37m-->[39m [37mPOST[39m [37m/wd/hub/session/c2a39d09-b5b5-4edc-a231-dc4d3ed8eea5/timeouts[39m
[38;5;0m[HTTP][0m [90m{"implicit":50}[39m
[38;5;0m[HTTP][0m [37m<-- POST /wd/hub/session/c2a39d09-b5b5-4edc-a231-dc4d3ed8eea5/timeouts [39m[32m200[39m [90m4 ms - 14[39m
[38;5;0m[HTTP][0m [90m[39m
[38;5;0m[HTTP][0m [37m-->[39m [37mGET[39m [37m/wd/hub/session/c2a39d09-b5b5-4edc-a231-dc4d3ed8eea5/window/rect[39m
[38;5;0m[HTTP][0m [90m{}[39m
[38;5;0m[HTTP][0m [37m<-- GET /wd/hub/session/c2a39d09-b5b5-4edc-a231-dc4d3ed8eea5/window/rect [39m[32m200[39m [90m22 ms - 49[39m
[38;5;0m[HTTP][0m [90m[39m
[38;5;0m[HTTP][0m [37m-->[39m [37mPOST[39m [37m/wd/hub/session/c2a39d09-b5b5-4edc-a231-dc4d3ed8eea5/elements[39m
[38;5;0m[HTTP][0m [90m{"using":"xpath","value":"//*[@class = 'android.widget.EditText' and (@text = 'Search…' or . = 'Search…') and @resource-id = 'com.solodroid.solomerce:id/search_src_text']"}[39m
[38;5;0m[HTTP][0m [37m<-- POST /wd/hub/session/c2a39d09-b5b5-4edc-a231-dc4d3ed8eea5/elements [39m[32m200[39m [90m443 ms - 139[39m
[38;5;0m[HTTP][0m [90m[39m
[38;5;0m[HTTP][0m [37m-->[39m [37mGET[39m [37m/wd/hub/session/c2a39d09-b5b5-4edc-a231-dc4d3ed8eea5/element/00000000-0000-00be-7fff-ffff00000076/location[39m
[38;5;0m[HTTP][0m [90m{}[39m
[38;5;48m[AndroidUiautomator2Driver@133c (c2a39d09)][0m Driver proxy active, passing request on via HTTP proxy
[38;5;48m[AndroidUiautomator2Driver@133c (c2a39d09)][0m Replacing sessionId 709d3043-d241-43e5-8322-89cef965fcf9 with c2a39d09-b5b5-4edc-a231-dc4d3ed8eea5
[38;5;0m[HTTP][0m [37m<-- GET /wd/hub/session/c2a39d09-b5b5-4edc-a231-dc4d3ed8eea5/element/00000000-0000-00be-7fff-ffff00000076/location [39m[32m200[39m [90m34 ms - 77[39m
[38;5;0m[HTTP][0m [90m[39m
[38;5;0m[HTTP][0m [37m-->[39m [37mPOST[39m [37m/wd/hub/session/c2a39d09-b5b5-4edc-a231-dc4d3ed8eea5/timeouts[39m
[38;5;0m[HTTP][0m [90m{"implicit":30000}[39m
[38;5;0m[HTTP][0m [37m<-- POST /wd/hub/session/c2a39d09-b5b5-4edc-a231-dc4d3ed8eea5/timeouts [39m[32m200[39m [90m3 ms - 14[39m
[38;5;0m[HTTP][0m [90m[39m
[38;5;0m[HTTP][0m [37m-->[39m [37mPOST[39m [37m/wd/hub/session/c2a39d09-b5b5-4edc-a231-dc4d3ed8eea5/element/00000000-0000-00be-7fff-ffff00000076/clear[39m
[38;5;0m[HTTP][0m [90m{"id":"00000000-0000-00be-7fff-ffff00000076"}[39m
[38;5;0m[HTTP][0m [37m<-- POST /wd/hub/session/c2a39d09-b5b5-4edc-a231-dc4d3ed8eea5/element/00000000-0000-00be-7fff-ffff00000076/clear [39m[32m200[39m [90m40 ms - 14[39m
[38;5;0m[HTTP][0m [90m[39m
[38;5;0m[HTTP][0m [37m-->[39m [37mPOST[39m [37m/wd/hub/session/c2a39d09-b5b5-4edc-a231-dc4d3ed8eea5/element/00000000-0000-00be-7fff-ffff00000076/click[39m
[38;5;0m[HTTP][0m [90m{"id":"00000000-0000-00be-7fff-ffff00000076"}[39m
[38;5;0m[HTTP][0m [37m<-- POST /wd/hub/session/c2a39d09-b5b5-4edc-a231-dc4d3ed8eea5/element/00000000-0000-00be-7fff-ffff00000076/click [39m[32m200[39m [90m695 ms - 14[39m
[38;5;0m[HTTP][0m [90m[39m
[38;5;0m[HTTP][0m [37m-->[39m [37mPOST[39m [37m/wd/hub/session/c2a39d09-b5b5-4edc-a231-dc4d3ed8eea5/element/00000000-0000-00be-7fff-ffff00000076/value[39m
[38;5;0m[HTTP][0m [90m{"id":"00000000-0000-00be-7fff-ffff00000076","text":"samsung","value":["s","a","m","s","u","n","g"]}[39m
[38;5;0m[HTTP][0m [37m<-- POST /wd/hub/session/c2a39d09-b5b5-4edc-a231-dc4d3ed8eea5/element/00000000-0000-00be-7fff-ffff00000076/value [39m[32m200[39m [90m1244 ms - 14[39m
[38;5;0m[HTTP][0m [90m[39m
[38;5;0m[HTTP][0m [37m-->[39m [37mPOST[39m [37m/wd/hub/session/c2a39d09-b5b5-4edc-a231-dc4d3ed8eea5/timeouts[39m
[38;5;0m[HTTP][0m [90m{"implicit":50}[39m
[38;5;0m[HTTP][0m [37m<-- POST /wd/hub/session/c2a39d09-b5b5-4edc-a231-dc4d3ed8eea5/timeouts [39m[32m200[39m [90m4 ms - 14[39m
[38;5;0m[HTTP][0m [90m[39m
[38;5;0m[HTTP][0m [37m-->[39m [37mGET[39m [37m/wd/hub/session/c2a39d09-b5b5-4edc-a231-dc4d3ed8eea5/window/rect[39m
[38;5;0m[HTTP][0m [90m{}[39m
[38;5;0m[HTTP][0m [37m<-- GET /wd/hub/session/c2a39d09-b5b5-4edc-a231-dc4d3ed8eea5/window/rect [39m[32m200[39m [90m36 ms - 49[39m
[38;5;0m[HTTP][0m [90m[39m
[38;5;0m[HTTP][0m [37m-->[39m [37mPOST[39m [37m/wd/hub/session/c2a39d09-b5b5-4edc-a231-dc4d3ed8eea5/elements[39m
[38;5;0m[HTTP][0m [90m{"using":"xpath","value":"//*[@class = 'android.widget.TextView' and (@text = 'Samsung Galaxy S10 - Black' or . = 'Samsung Galaxy S10 - Black') and @resource-id = 'com.solodroid.solomerce:id/product_name']"}[39m
[38;5;0m[HTTP][0m [37m<-- POST /wd/hub/session/c2a39d09-b5b5-4edc-a231-dc4d3ed8eea5/elements [39m[32m200[39m [90m728 ms - 139[39m
[38;5;0m[HTTP][0m [90m[39m
[38;5;0m[HTTP][0m [37m-->[39m [37mGET[39m [37m/wd/hub/session/c2a39d09-b5b5-4edc-a231-dc4d3ed8eea5/element/00000000-0000-00be-7fff-ffff000000c1/location[39m
[38;5;0m[HTTP][0m [90m{}[39m
[38;5;48m[AndroidUiautomator2Driver@133c (c2a39d09)][0m Driver proxy active, passing request on via HTTP proxy
[38;5;48m[AndroidUiautomator2Driver@133c (c2a39d09)][0m Replacing sessionId 709d3043-d241-43e5-8322-89cef965fcf9 with c2a39d09-b5b5-4edc-a231-dc4d3ed8eea5
[38;5;0m[HTTP][0m [37m<-- GET /wd/hub/session/c2a39d09-b5b5-4edc-a231-dc4d3ed8eea5/element/00000000-0000-00be-7fff-ffff000000c1/location [39m[32m200[39m [90m35 ms - 77[39m
[38;5;0m[HTTP][0m [90m[39m
[38;5;0m[HTTP][0m [37m-->[39m [37mPOST[39m [37m/wd/hub/session/c2a39d09-b5b5-4edc-a231-dc4d3ed8eea5/timeouts[39m
[38;5;0m[HTTP][0m [90m{"implicit":30000}[39m
[38;5;0m[HTTP][0m [37m<-- POST /wd/hub/session/c2a39d09-b5b5-4edc-a231-dc4d3ed8eea5/timeouts [39m[32m200[39m [90m3 ms - 14[39m
[38;5;0m[HTTP][0m [90m[39m
[38;5;0m[HTTP][0m [37m-->[39m [37mPOST[39m [37m/wd/hub/session/c2a39d09-b5b5-4edc-a231-dc4d3ed8eea5/element/00000000-0000-00be-7fff-ffff000000c1/click[39m
[38;5;0m[HTTP][0m [90m{"id":"00000000-0000-00be-7fff-ffff000000c1"}[39m
[38;5;0m[HTTP][0m [37m<-- POST /wd/hub/session/c2a39d09-b5b5-4edc-a231-dc4d3ed8eea5/element/00000000-0000-00be-7fff-ffff000000c1/click [39m[32m200[39m [90m61 ms - 14[39m
[38;5;0m[HTTP][0m [90m[39m
[38;5;0m[HTTP][0m [37m-->[39m [37mPOST[39m [37m/wd/hub/session/c2a39d09-b5b5-4edc-a231-dc4d3ed8eea5/timeouts[39m
[38;5;0m[HTTP][0m [90m{"implicit":50}[39m
[38;5;0m[HTTP][0m [37m<-- POST /wd/hub/session/c2a39d09-b5b5-4edc-a231-dc4d3ed8eea5/timeouts [39m[32m200[39m [90m4 ms - 14[39m
[38;5;0m[HTTP][0m [90m[39m
[38;5;0m[HTTP][0m [37m-->[39m [37mGET[39m [37m/wd/hub/session/c2a39d09-b5b5-4edc-a231-dc4d3ed8eea5/window/rect[39m
[38;5;0m[HTTP][0m [90m{}[39m
[38;5;0m[HTTP][0m [37m<-- GET /wd/hub/session/c2a39d09-b5b5-4edc-a231-dc4d3ed8eea5/window/rect [39m[32m200[39m [90m26 ms - 49[39m
[38;5;0m[HTTP][0m [90m[39m
[38;5;0m[HTTP][0m [37m-->[39m [37mPOST[39m [37m/wd/hub/session/c2a39d09-b5b5-4edc-a231-dc4d3ed8eea5/elements[39m
[38;5;0m[HTTP][0m [90m{"using":"xpath","value":"//*[@class = 'android.widget.Button' and (@text = 'ADD TO CART' or . = 'ADD TO CART') and @resource-id = 'com.solodroid.solomerce:id/btn_add_cart']"}[39m
[38;5;0m[HTTP][0m [37m<-- POST /wd/hub/session/c2a39d09-b5b5-4edc-a231-dc4d3ed8eea5/elements [39m[32m200[39m [90m1953 ms - 12[39m
[38;5;0m[HTTP][0m [90m[39m
[38;5;0m[HTTP][0m [37m-->[39m [37mPOST[39m [37m/wd/hub/session/c2a39d09-b5b5-4edc-a231-dc4d3ed8eea5/elements[39m
[38;5;0m[HTTP][0m [90m{"using":"xpath","value":"//*[@class = 'android.widget.Button' and (@text = 'ADD TO CART' or . = 'ADD TO CART') and @resource-id = 'com.solodroid.solomerce:id/btn_add_cart']"}[39m
[38;5;0m[HTTP][0m [37m<-- POST /wd/hub/session/c2a39d09-b5b5-4edc-a231-dc4d3ed8eea5/elements [39m[32m200[39m [90m1365 ms - 139[39m
[38;5;0m[HTTP][0m [90m[39m
[38;5;0m[HTTP][0m [37m-->[39m [37mGET[39m [37m/wd/hub/session/c2a39d09-b5b5-4edc-a231-dc4d3ed8eea5/element/00000000-0000-00bf-7fff-ffff000000c4/location[39m
[38;5;0m[HTTP][0m [90m{}[39m
[38;5;48m[AndroidUiautomator2Driver@133c (c2a39d09)][0m Driver proxy active, passing request on via HTTP proxy
[38;5;48m[AndroidUiautomator2Driver@133c (c2a39d09)][0m Replacing sessionId 709d3043-d241-43e5-8322-89cef965fcf9 with c2a39d09-b5b5-4edc-a231-dc4d3ed8eea5
[38;5;0m[HTTP][0m [37m<-- GET /wd/hub/session/c2a39d09-b5b5-4edc-a231-dc4d3ed8eea5/element/00000000-0000-00bf-7fff-ffff000000c4/location [39m[32m200[39m [90m42 ms - 77[39m
[38;5;0m[HTTP][0m [90m[39m
[38;5;0m[HTTP][0m [37m-->[39m [37mPOST[39m [37m/wd/hub/session/c2a39d09-b5b5-4edc-a231-dc4d3ed8eea5/timeouts[39m
[38;5;0m[HTTP][0m [90m{"implicit":30000}[39m
[38;5;0m[HTTP][0m [37m<-- POST /wd/hub/session/c2a39d09-b5b5-4edc-a231-dc4d3ed8eea5/timeouts [39m[32m200[39m [90m3 ms - 14[39m
[38;5;0m[HTTP][0m [90m[39m
[38;5;0m[HTTP][0m [37m-->[39m [37mPOST[39m [37m/wd/hub/session/c2a39d09-b5b5-4edc-a231-dc4d3ed8eea5/element/00000000-0000-00bf-7fff-ffff000000c4/click[39m
[38;5;0m[HTTP][0m [90m{"id":"00000000-0000-00bf-7fff-ffff000000c4"}[39m
[38;5;0m[HTTP][0m [37m<-- POST /wd/hub/session/c2a39d09-b5b5-4edc-a231-dc4d3ed8eea5/element/00000000-0000-00bf-7fff-ffff000000c4/click [39m[32m200[39m [90m66 ms - 14[39m
[38;5;0m[HTTP][0m [90m[39m
[38;5;0m[HTTP][0m [37m-->[39m [37mPOST[39m [37m/wd/hub/session/c2a39d09-b5b5-4edc-a231-dc4d3ed8eea5/timeouts[39m
[38;5;0m[HTTP][0m [90m{"implicit":50}[39m
[38;5;0m[HTTP][0m [37m<-- POST /wd/hub/session/c2a39d09-b5b5-4edc-a231-dc4d3ed8eea5/timeouts [39m[32m200[39m [90m4 ms - 14[39m
[38;5;0m[HTTP][0m [90m[39m
[38;5;0m[HTTP][0m [37m-->[39m [37mGET[39m [37m/wd/hub/session/c2a39d09-b5b5-4edc-a231-dc4d3ed8eea5/window/rect[39m
[38;5;0m[HTTP][0m [90m{}[39m
[38;5;0m[HTTP][0m [37m<-- GET /wd/hub/session/c2a39d09-b5b5-4edc-a231-dc4d3ed8eea5/window/rect [39m[32m200[39m [90m27 ms - 49[39m
[38;5;0m[HTTP][0m [90m[39m
[38;5;0m[HTTP][0m [37m-->[39m [37mPOST[39m [37m/wd/hub/session/c2a39d09-b5b5-4edc-a231-dc4d3ed8eea5/elements[39m
[38;5;0m[HTTP][0m [90m{"using":"xpath","value":"//*[@class = 'android.widget.EditText' and @resource-id = 'com.solodroid.solomerce:id/userInputDialog' and (@text = '' or . = '')]"}[39m
[38;5;0m[HTTP][0m [37m<-- POST /wd/hub/session/c2a39d09-b5b5-4edc-a231-dc4d3ed8eea5/elements [39m[32m200[39m [90m208 ms - 12[39m
[38;5;0m[HTTP][0m [90m[39m
[38;5;0m[HTTP][0m [37m-->[39m [37mPOST[39m [37m/wd/hub/session/c2a39d09-b5b5-4edc-a231-dc4d3ed8eea5/elements[39m
[38;5;0m[HTTP][0m [90m{"using":"xpath","value":"//*[@class = 'android.widget.EditText' and @resource-id = 'com.solodroid.solomerce:id/userInputDialog' and (@text = '' or . = '')]"}[39m
[38;5;0m[HTTP][0m [37m<-- POST /wd/hub/session/c2a39d09-b5b5-4edc-a231-dc4d3ed8eea5/elements [39m[32m200[39m [90m464 ms - 12[39m
[38;5;0m[HTTP][0m [90m[39m
[38;5;0m[HTTP][0m [37m-->[39m [37mPOST[39m [37m/wd/hub/session/c2a39d09-b5b5-4edc-a231-dc4d3ed8eea5/elements[39m
[38;5;0m[HTTP][0m [90m{"using":"xpath","value":"//*[@class = 'android.widget.EditText' and @resource-id = 'com.solodroid.solomerce:id/userInputDialog' and (@text = '' or . = '')]"}[39m
[38;5;0m[HTTP][0m [37m<-- POST /wd/hub/session/c2a39d09-b5b5-4edc-a231-dc4d3ed8eea5/elements [39m[32m200[39m [90m626 ms - 139[39m
[38;5;0m[HTTP][0m [90m[39m
[38;5;0m[HTTP][0m [37m-->[39m [37mGET[39m [37m/wd/hub/session/c2a39d09-b5b5-4edc-a231-dc4d3ed8eea5/element/00000000-0000-00c0-7fff-ffff000000ec/location[39m
[38;5;0m[HTTP][0m [90m{}[39m
[38;5;48m[AndroidUiautomator2Driver@133c (c2a39d09)][0m Driver proxy active, passing request on via HTTP proxy
[38;5;48m[AndroidUiautomator2Driver@133c (c2a39d09)][0m Replacing sessionId 709d3043-d241-43e5-8322-89cef965fcf9 with c2a39d09-b5b5-4edc-a231-dc4d3ed8eea5
[38;5;0m[HTTP][0m [37m<-- GET /wd/hub/session/c2a39d09-b5b5-4edc-a231-dc4d3ed8eea5/element/00000000-0000-00c0-7fff-ffff000000ec/location [39m[32m200[39m [90m35 ms - 77[39m
[38;5;0m[HTTP][0m [90m[39m
[38;5;0m[HTTP][0m [37m-->[39m [37mPOST[39m [37m/wd/hub/session/c2a39d09-b5b5-4edc-a231-dc4d3ed8eea5/timeouts[39m
[38;5;0m[HTTP][0m [90m{"implicit":30000}[39m
[38;5;0m[HTTP][0m [37m<-- POST /wd/hub/session/c2a39d09-b5b5-4edc-a231-dc4d3ed8eea5/timeouts [39m[32m200[39m [90m2 ms - 14[39m
[38;5;0m[HTTP][0m [90m[39m
[38;5;0m[HTTP][0m [37m-->[39m [37mPOST[39m [37m/wd/hub/session/c2a39d09-b5b5-4edc-a231-dc4d3ed8eea5/element/00000000-0000-00c0-7fff-ffff000000ec/click[39m
[38;5;0m[HTTP][0m [90m{"id":"00000000-0000-00c0-7fff-ffff000000ec"}[39m
[38;5;0m[HTTP][0m [37m<-- POST /wd/hub/session/c2a39d09-b5b5-4edc-a231-dc4d3ed8eea5/element/00000000-0000-00c0-7fff-ffff000000ec/click [39m[32m200[39m [90m55 ms - 14[39m
[38;5;0m[HTTP][0m [90m[39m
[38;5;0m[HTTP][0m [37m-->[39m [37mPOST[39m [37m/wd/hub/session/c2a39d09-b5b5-4edc-a231-dc4d3ed8eea5/timeouts[39m
[38;5;0m[HTTP][0m [90m{"implicit":50}[39m
[38;5;0m[HTTP][0m [37m<-- POST /wd/hub/session/c2a39d09-b5b5-4edc-a231-dc4d3ed8eea5/timeouts [39m[32m200[39m [90m3 ms - 14[39m
[38;5;0m[HTTP][0m [90m[39m
[38;5;0m[HTTP][0m [37m-->[39m [37mGET[39m [37m/wd/hub/session/c2a39d09-b5b5-4edc-a231-dc4d3ed8eea5/window/rect[39m
[38;5;0m[HTTP][0m [90m{}[39m
[38;5;0m[HTTP][0m [37m<-- GET /wd/hub/session/c2a39d09-b5b5-4edc-a231-dc4d3ed8eea5/window/rect [39m[32m200[39m [90m35 ms - 49[39m
[38;5;0m[HTTP][0m [90m[39m
[38;5;0m[HTTP][0m [37m-->[39m [37mPOST[39m [37m/wd/hub/session/c2a39d09-b5b5-4edc-a231-dc4d3ed8eea5/elements[39m
[38;5;0m[HTTP][0m [90m{"using":"xpath","value":"//*[@class = 'android.widget.EditText' and @resource-id = 'com.solodroid.solomerce:id/userInputDialog' and (@text = '' or . = '')]"}[39m
[38;5;0m[HTTP][0m [37m<-- POST /wd/hub/session/c2a39d09-b5b5-4edc-a231-dc4d3ed8eea5/elements [39m[32m200[39m [90m1124 ms - 139[39m
[38;5;0m[HTTP][0m [90m[39m
[38;5;0m[HTTP][0m [37m-->[39m [37mGET[39m [37m/wd/hub/session/c2a39d09-b5b5-4edc-a231-dc4d3ed8eea5/element/00000000-0000-00c0-7fff-ffff000000ec/location[39m
[38;5;0m[HTTP][0m [90m{}[39m
[38;5;48m[AndroidUiautomator2Driver@133c (c2a39d09)][0m Driver proxy active, passing request on via HTTP proxy
[38;5;48m[AndroidUiautomator2Driver@133c (c2a39d09)][0m Replacing sessionId 709d3043-d241-43e5-8322-89cef965fcf9 with c2a39d09-b5b5-4edc-a231-dc4d3ed8eea5
[38;5;0m[HTTP][0m [37m<-- GET /wd/hub/session/c2a39d09-b5b5-4edc-a231-dc4d3ed8eea5/element/00000000-0000-00c0-7fff-ffff000000ec/location [39m[32m200[39m [90m36 ms - 77[39m
[38;5;0m[HTTP][0m [90m[39m
[38;5;0m[HTTP][0m [37m-->[39m [37mPOST[39m [37m/wd/hub/session/c2a39d09-b5b5-4edc-a231-dc4d3ed8eea5/timeouts[39m
[38;5;0m[HTTP][0m [90m{"implicit":30000}[39m
[38;5;0m[HTTP][0m [37m<-- POST /wd/hub/session/c2a39d09-b5b5-4edc-a231-dc4d3ed8eea5/timeouts [39m[32m200[39m [90m2 ms - 14[39m
[38;5;0m[HTTP][0m [90m[39m
[38;5;0m[HTTP][0m [37m-->[39m [37mPOST[39m [37m/wd/hub/session/c2a39d09-b5b5-4edc-a231-dc4d3ed8eea5/element/00000000-0000-00c0-7fff-ffff000000ec/clear[39m
[38;5;0m[HTTP][0m [90m{"id":"00000000-0000-00c0-7fff-ffff000000ec"}[39m
[38;5;0m[HTTP][0m [37m<-- POST /wd/hub/session/c2a39d09-b5b5-4edc-a231-dc4d3ed8eea5/element/00000000-0000-00c0-7fff-ffff000000ec/clear [39m[32m200[39m [90m35 ms - 14[39m
[38;5;0m[HTTP][0m [90m[39m
[38;5;0m[HTTP][0m [37m-->[39m [37mPOST[39m [37m/wd/hub/session/c2a39d09-b5b5-4edc-a231-dc4d3ed8eea5/element/00000000-0000-00c0-7fff-ffff000000ec/click[39m
[38;5;0m[HTTP][0m [90m{"id":"00000000-0000-00c0-7fff-ffff000000ec"}[39m
[38;5;0m[HTTP][0m [37m<-- POST /wd/hub/session/c2a39d09-b5b5-4edc-a231-dc4d3ed8eea5/element/00000000-0000-00c0-7fff-ffff000000ec/click [39m[32m200[39m [90m680 ms - 14[39m
[38;5;0m[HTTP][0m [90m[39m
[38;5;0m[HTTP][0m [37m-->[39m [37mPOST[39m [37m/wd/hub/session/c2a39d09-b5b5-4edc-a231-dc4d3ed8eea5/element/00000000-0000-00c0-7fff-ffff000000ec/value[39m
[38;5;0m[HTTP][0m [90m{"id":"00000000-0000-00c0-7fff-ffff000000ec","text":"5","value":["5"]}[39m
[38;5;0m[HTTP][0m [37m<-- POST /wd/hub/session/c2a39d09-b5b5-4edc-a231-dc4d3ed8eea5/element/00000000-0000-00c0-7fff-ffff000000ec/value [39m[32m200[39m [90m524 ms - 14[39m
[38;5;0m[HTTP][0m [90m[39m
[38;5;0m[HTTP][0m [37m-->[39m [37mPOST[39m [37m/wd/hub/session/c2a39d09-b5b5-4edc-a231-dc4d3ed8eea5/timeouts[39m
[38;5;0m[HTTP][0m [90m{"implicit":50}[39m
[38;5;0m[HTTP][0m [37m<-- POST /wd/hub/session/c2a39d09-b5b5-4edc-a231-dc4d3ed8eea5/timeouts [39m[32m200[39m [90m4 ms - 14[39m
[38;5;0m[HTTP][0m [90m[39m
[38;5;0m[HTTP][0m [37m-->[39m [37mGET[39m [37m/wd/hub/session/c2a39d09-b5b5-4edc-a231-dc4d3ed8eea5/window/rect[39m
[38;5;0m[HTTP][0m [90m{}[39m
[38;5;0m[HTTP][0m [37m<-- GET /wd/hub/session/c2a39d09-b5b5-4edc-a231-dc4d3ed8eea5/window/rect [39m[32m200[39m [90m30 ms - 49[39m
[38;5;0m[HTTP][0m [90m[39m
[38;5;0m[HTTP][0m [37m-->[39m [37mPOST[39m [37m/wd/hub/session/c2a39d09-b5b5-4edc-a231-dc4d3ed8eea5/elements[39m
[38;5;0m[HTTP][0m [90m{"using":"xpath","value":"//*[@class = 'android.widget.Button' and (@text = 'ADD' or . = 'ADD') and @resource-id = 'android:id/button1']"}[39m
[38;5;0m[HTTP][0m [37m<-- POST /wd/hub/session/c2a39d09-b5b5-4edc-a231-dc4d3ed8eea5/elements [39m[32m200[39m [90m588 ms - 139[39m
[38;5;0m[HTTP][0m [90m[39m
[38;5;0m[HTTP][0m [37m-->[39m [37mGET[39m [37m/wd/hub/session/c2a39d09-b5b5-4edc-a231-dc4d3ed8eea5/element/00000000-0000-00c0-7fff-ffff000000ea/location[39m
[38;5;0m[HTTP][0m [90m{}[39m
[38;5;48m[AndroidUiautomator2Driver@133c (c2a39d09)][0m Driver proxy active, passing request on via HTTP proxy
[38;5;48m[AndroidUiautomator2Driver@133c (c2a39d09)][0m Replacing sessionId 709d3043-d241-43e5-8322-89cef965fcf9 with c2a39d09-b5b5-4edc-a231-dc4d3ed8eea5
[38;5;0m[HTTP][0m [37m<-- GET /wd/hub/session/c2a39d09-b5b5-4edc-a231-dc4d3ed8eea5/element/00000000-0000-00c0-7fff-ffff000000ea/location [39m[32m200[39m [90m26 ms - 78[39m
[38;5;0m[HTTP][0m [90m[39m
[38;5;0m[HTTP][0m [37m-->[39m [37mPOST[39m [37m/wd/hub/session/c2a39d09-b5b5-4edc-a231-dc4d3ed8eea5/timeouts[39m
[38;5;0m[HTTP][0m [90m{"implicit":30000}[39m
[38;5;0m[HTTP][0m [37m<-- POST /wd/hub/session/c2a39d09-b5b5-4edc-a231-dc4d3ed8eea5/timeouts [39m[32m200[39m [90m1 ms - 14[39m
[38;5;0m[HTTP][0m [90m[39m
[38;5;0m[HTTP][0m [37m-->[39m [37mPOST[39m [37m/wd/hub/session/c2a39d09-b5b5-4edc-a231-dc4d3ed8eea5/element/00000000-0000-00c0-7fff-ffff000000ea/click[39m
[38;5;0m[HTTP][0m [90m{"id":"00000000-0000-00c0-7fff-ffff000000ea"}[39m
[38;5;0m[HTTP][0m [37m<-- POST /wd/hub/session/c2a39d09-b5b5-4edc-a231-dc4d3ed8eea5/element/00000000-0000-00c0-7fff-ffff000000ea/click [39m[32m200[39m [90m48 ms - 14[39m
[38;5;0m[HTTP][0m [90m[39m
[38;5;0m[HTTP][0m [37m-->[39m [37mDELETE[39m [37m/wd/hub/session/c2a39d09-b5b5-4edc-a231-dc4d3ed8eea5[39m
[38;5;0m[HTTP][0m [90m{}[39m
[38;5;16m[AppiumDriver@abc2][0m Removing session c2a39d09-b5b5-4edc-a231-dc4d3ed8eea5 from our master session list
[38;5;64m[ADB][0m com.solodroid.solomerce was successfully uninstalled
[38;5;0m[HTTP][0m [37m<-- DELETE /wd/hub/session/c2a39d09-b5b5-4edc-a231-dc4d3ed8eea5 [39m[32m200[39m [90m4263 ms - 14[39m
[38;5;0m[HTTP][0m [90m[39m
